[INFO ] 2025-07-29 15:21:50.043 [main] Logger - I am starting to use logger.....
[ERROR] 2025-07-29 15:21:50.045 [main] Logger - Error occured in loggingg...
[WARN ] 2025-07-29 15:21:50.046 [main] Logger - Kya use karti tum....
[INFO ] 2025-07-29 15:21:50.046 [main] Logger - Info from ogger 2...
[INFO ] 2025-07-29 15:22:23.818 [main] Logger - I am starting to use logger.....
[ERROR] 2025-07-29 15:22:23.820 [main] Logger - Error occured in loggingg...
[WARN ] 2025-07-29 15:22:23.820 [main] Logger - Kya use karti tum....
[INFO ] 2025-07-29 15:22:23.820 [main] Logger - Info from ogger 2...
[INFO ] 2025-07-29 15:24:03.655 [main] Logger - I am starting to use logger.....
[ERROR] 2025-07-29 15:24:03.657 [main] Logger - Error occured in loggingg...
[WARN ] 2025-07-29 15:24:03.662 [main] Logger - Kya use karti tum....
[INFO ] 2025-07-29 15:24:03.662 [main] Logger - Info from ogger 2...
[INFO ] 2025-07-29 15:25:40.409 [main] Logger - I am starting to use logger.....
[ERROR] 2025-07-29 15:25:40.411 [main] Logger - Error occured in loggingg...
[WARN ] 2025-07-29 15:25:40.411 [main] Logger - Kya use karti tum....
[INFO ] 2025-07-29 15:25:40.411 [main] Logger - Info from ogger 2...
[TRACE] 2025-07-29 15:37:43.691 [main] Logge2 - trace
[DEBUG] 2025-07-29 15:37:43.693 [main] Logge2 - debug
[INFO ] 2025-07-29 15:38:40.626 [main] Logger - I am starting to use logger.....
[ERROR] 2025-07-29 15:38:40.628 [main] Logger - Error occured in loggingg...
[DEBUG] 2025-07-29 15:38:40.628 [main] Logger - Why the error occured....
[WARN ] 2025-07-29 15:38:40.628 [main] Logger - Kya use karti tum....
[INFO ] 2025-07-29 15:38:40.628 [main] Logger - Info from ogger 2...
[INFO ] 2025-07-29 15:43:33.700 [main] Logger - I am starting to use logger.....
[ERROR] 2025-07-29 15:43:33.703 [main] Logger - Error occured in loggingg...
[WARN ] 2025-07-29 15:43:33.703 [main] Logger - Kya use karti tum....
[INFO ] 2025-07-29 15:43:33.703 [main] Logger - Info from ogger 2...
